<?xml version="1.0" encoding="UTF-8"?>
<robot generator="Robot 5.0 (Python 3.10.4 on win32)" generated="20230602 07:08:20.628" rpa="false" schemaversion="3">
<suite id="s1" name="navegacaoTypiCode" source="C:\Users\ralph\Desktop\Teste Entrevista\TesteQA\Testes\navegacaoTypiCode.robot">
<kw name="Abrir Navegador" library="base" type="SETUP">
<kw name="Open Browser" library="SeleniumLibrary">
<arg>about:blank</arg>
<arg>FireFox</arg>
<doc>Opens a new browser instance to the optional ``url``.</doc>
<msg timestamp="20230602 07:08:20.866" level="INFO">Opening browser 'FireFox' to base url 'about:blank'.</msg>
<msg timestamp="20230602 07:08:20.867" level="INFO">Firefox driver log is always forced to to: C:\Users\ralph\Desktop\Teste Entrevista\TesteQA\logs\geckodriver-1.log</msg>
<status status="PASS" starttime="20230602 07:08:20.866" endtime="20230602 07:08:25.451"/>
</kw>
<kw name="Set Window Size" library="SeleniumLibrary">
<arg>1440</arg>
<arg>900</arg>
<doc>Sets current windows size to given ``width`` and ``height``.</doc>
<status status="PASS" starttime="20230602 07:08:25.451" endtime="20230602 07:08:25.459"/>
</kw>
<kw name="Maximize Browser Window" library="SeleniumLibrary">
<doc>Maximizes current browser window.</doc>
<status status="PASS" starttime="20230602 07:08:25.459" endtime="20230602 07:08:25.723"/>
</kw>
<status status="PASS" starttime="20230602 07:08:20.866" endtime="20230602 07:08:25.723"/>
</kw>
<test id="s1-t1" name="Navegar localizar e validar link /albums/1/photos" line="17">
<kw name="Dado que acesso o endereco" library="kwStepsNavegacao">
<kw name="Go To" library="SeleniumLibrary">
<arg>${BASE_URL}</arg>
<doc>Navigates the current browser window to the provided ``url``.</doc>
<msg timestamp="20230602 07:08:25.724" level="INFO">Opening url 'https://jsonplaceholder.typicode.com/'</msg>
<status status="PASS" starttime="20230602 07:08:25.724" endtime="20230602 07:08:27.168"/>
</kw>
<kw name="Wait Until Element Is Visible" library="SeleniumLibrary">
<arg>${nome_titulo}</arg>
<arg>timeout=60</arg>
<arg>error=None</arg>
<doc>Waits until the element ``locator`` is visible.</doc>
<status status="PASS" starttime="20230602 07:08:27.168" endtime="20230602 07:08:27.181"/>
</kw>
<kw name="Title Should Be" library="SeleniumLibrary">
<arg>${tituloAPI}</arg>
<arg>message=None</arg>
<doc>Verifies that the current page title equals ``title``.</doc>
<msg timestamp="20230602 07:08:27.182" level="INFO">Page title is 'JSONPlaceholder - Free Fake REST API'.</msg>
<status status="PASS" starttime="20230602 07:08:27.181" endtime="20230602 07:08:27.183"/>
</kw>
<status status="PASS" starttime="20230602 07:08:25.724" endtime="20230602 07:08:27.183"/>
</kw>
<kw name="E acesso o menu Guide" library="kwStepsNavegacao">
<kw name="Wait Until Element Is Visible" library="SeleniumLibrary">
<arg>${menu_guide}</arg>
<arg>timeout=60</arg>
<arg>error=None</arg>
<doc>Waits until the element ``locator`` is visible.</doc>
<status status="PASS" starttime="20230602 07:08:27.183" endtime="20230602 07:08:27.191"/>
</kw>
<kw name="Click Element" library="SeleniumLibrary">
<arg>${menu_guide}</arg>
<doc>Click the element identified by ``locator``.</doc>
<msg timestamp="20230602 07:08:27.191" level="INFO">Clicking element '//*[@class='mr-4 no-underline' and contains(text(), 'Guide')]'.</msg>
<status status="PASS" starttime="20230602 07:08:27.191" endtime="20230602 07:08:27.558"/>
</kw>
<kw name="Get Location" library="SeleniumLibrary">
<var>${url}</var>
<doc>Returns the current browser window URL.</doc>
<msg timestamp="20230602 07:08:27.560" level="INFO">${url} = https://jsonplaceholder.typicode.com/guide/</msg>
<status status="PASS" starttime="20230602 07:08:27.558" endtime="20230602 07:08:27.560"/>
</kw>
<kw name="Should Be Equal As Strings" library="BuiltIn">
<arg>${url}</arg>
<arg>${URL_Guide}</arg>
<doc>Fails if objects are unequal after converting them to strings.</doc>
<status status="PASS" starttime="20230602 07:08:27.560" endtime="20230602 07:08:27.560"/>
</kw>
<status status="PASS" starttime="20230602 07:08:27.183" endtime="20230602 07:08:27.560"/>
</kw>
<kw name="E navego ate o link /albums/1/photos" library="kwStepsNavegacao">
<kw name="Scroll Page To Location" library="base">
<arg>0</arg>
<arg>1000</arg>
<kw name="Execute Javascript" library="SeleniumLibrary">
<arg>window.scrollTo(${x_location},${y_location})</arg>
<doc>Executes the given JavaScript code with possible arguments.</doc>
<msg timestamp="20230602 07:08:27.561" level="INFO">Executing JavaScript:
window.scrollTo(0,1000)
Without any arguments.</msg>
<status status="PASS" starttime="20230602 07:08:27.561" endtime="20230602 07:08:27.563"/>
</kw>
<status status="PASS" starttime="20230602 07:08:27.561" endtime="20230602 07:08:27.564"/>
</kw>
<kw name="Wait Until Element Is Visible" library="SeleniumLibrary">
<arg>${album_photos}</arg>
<arg>timeout=None</arg>
<arg>error=None</arg>
<doc>Waits until the element ``locator`` is visible.</doc>
<status status="PASS" starttime="20230602 07:08:27.564" endtime="20230602 07:08:27.573"/>
</kw>
<kw name="Click Element" library="SeleniumLibrary">
<arg>${album_photos}</arg>
<arg>modifier=False</arg>
<doc>Click the element identified by ``locator``.</doc>
<msg timestamp="20230602 07:08:27.573" level="INFO">Clicking element '//a [contains(text(), '/albums/1/photos')]'.</msg>
<status status="PASS" starttime="20230602 07:08:27.573" endtime="20230602 07:08:27.618"/>
</kw>
<kw name="Get Location" library="SeleniumLibrary">
<var>${url}</var>
<doc>Returns the current browser window URL.</doc>
<msg timestamp="20230602 07:08:27.621" level="INFO">${url} = https://jsonplaceholder.typicode.com/albums/1/photos</msg>
<status status="PASS" starttime="20230602 07:08:27.618" endtime="20230602 07:08:27.621"/>
</kw>
<status status="PASS" starttime="20230602 07:08:27.560" endtime="20230602 07:08:27.621"/>
</kw>
<kw name="Quando abro o link e capturo a tela" library="kwStepsNavegacao">
<kw name="Wait Until Element Is Visible" library="SeleniumLibrary">
<arg>${id_dtbruto}</arg>
<arg>timeout=None</arg>
<arg>error=None</arg>
<doc>Waits until the element ``locator`` is visible.</doc>
<status status="PASS" starttime="20230602 07:08:27.621" endtime="20230602 07:08:27.835"/>
</kw>
<kw name="Click Element" library="SeleniumLibrary">
<arg>${id_dtbruto}</arg>
<arg>modifier=False</arg>
<doc>Click the element identified by ``locator``.</doc>
<msg timestamp="20230602 07:08:27.835" level="INFO">Clicking element 'id=rawdata-tab'.</msg>
<status status="PASS" starttime="20230602 07:08:27.835" endtime="20230602 07:08:28.049"/>
</kw>
<kw name="Sleep" library="BuiltIn">
<arg>2s</arg>
<arg>reason=None</arg>
<doc>Pauses the test executed for the given time.</doc>
<msg timestamp="20230602 07:08:30.051" level="INFO">Slept 2 seconds</msg>
<status status="PASS" starttime="20230602 07:08:28.049" endtime="20230602 07:08:30.051"/>
</kw>
<kw name="Wait Until Element Is Visible" library="SeleniumLibrary">
<arg>${btn_copy}</arg>
<doc>Waits until the element ``locator`` is visible.</doc>
<status status="PASS" starttime="20230602 07:08:30.051" endtime="20230602 07:08:30.059"/>
</kw>
<kw name="Click Element" library="SeleniumLibrary">
<arg>${btn_copy}</arg>
<doc>Click the element identified by ``locator``.</doc>
<msg timestamp="20230602 07:08:30.060" level="INFO">Clicking element '//button [@class='btn copy']'.</msg>
<status status="PASS" starttime="20230602 07:08:30.059" endtime="20230602 07:08:30.266"/>
</kw>
<kw name="Capture Page Screenshot" library="SeleniumLibrary">
<doc>Takes a screenshot of the current page and embeds it into a log file.</doc>
<msg timestamp="20230602 07:08:30.293" level="INFO" html="true">&lt;/td&gt;&lt;/tr&gt;&lt;tr&gt;&lt;td colspan="3"&gt;&lt;a href="selenium-screenshot-1.png"&gt;&lt;img src="selenium-screenshot-1.png" width="800px"&gt;&lt;/a&gt;</msg>
<status status="PASS" starttime="20230602 07:08:30.266" endtime="20230602 07:08:30.293"/>
</kw>
<status status="PASS" starttime="20230602 07:08:27.621" endtime="20230602 07:08:30.293"/>
</kw>
<kw name="Entao valido o objeto com ${id}" library="kwStepsNavegacao" sourcename="Entao valido o objeto com ${id}">
<kw name="Get Text" library="SeleniumLibrary">
<var>${response}</var>
<arg>${json_data}</arg>
<doc>Returns the text value of the element identified by ``locator``.</doc>
<msg timestamp="20230602 07:08:30.307" level="INFO">${response} = [
  {
    "albumId": 1,
    "id": 1,
    "title": "accusamus beatae ad facilis cum similique qui sunt",
    "url": "https://via.placeholder.com/600/92c952",
    "thumbnailUrl": "https://via.placeholde...</msg>
<status status="PASS" starttime="20230602 07:08:30.294" endtime="20230602 07:08:30.307"/>
</kw>
<kw name="Log" library="BuiltIn">
<arg>${response}</arg>
<doc>Logs the given message with the given level.</doc>
<msg timestamp="20230602 07:08:30.307" level="INFO">[
  {
    "albumId": 1,
    "id": 1,
    "title": "accusamus beatae ad facilis cum similique qui sunt",
    "url": "https://via.placeholder.com/600/92c952",
    "thumbnailUrl": "https://via.placeholder.com/150/92c952"
  },
  {
    "albumId": 1,
    "id": 2,
    "title": "reprehenderit est deserunt velit ipsam",
    "url": "https://via.placeholder.com/600/771796",
    "thumbnailUrl": "https://via.placeholder.com/150/771796"
  },
  {
    "albumId": 1,
    "id": 3,
    "title": "officia porro iure quia iusto qui ipsa ut modi",
    "url": "https://via.placeholder.com/600/24f355",
    "thumbnailUrl": "https://via.placeholder.com/150/24f355"
  },
  {
    "albumId": 1,
    "id": 4,
    "title": "culpa odio esse rerum omnis laboriosam voluptate repudiandae",
    "url": "https://via.placeholder.com/600/d32776",
    "thumbnailUrl": "https://via.placeholder.com/150/d32776"
  },
  {
    "albumId": 1,
    "id": 5,
    "title": "natus nisi omnis corporis facere molestiae rerum in",
    "url": "https://via.placeholder.com/600/f66b97",
    "thumbnailUrl": "https://via.placeholder.com/150/f66b97"
  },
  {
    "albumId": 1,
    "id": 6,
    "title": "accusamus ea aliquid et amet sequi nemo",
    "url": "https://via.placeholder.com/600/56a8c2",
    "thumbnailUrl": "https://via.placeholder.com/150/56a8c2"
  },
  {
    "albumId": 1,
    "id": 7,
    "title": "officia delectus consequatur vero aut veniam explicabo molestias",
    "url": "https://via.placeholder.com/600/b0f7cc",
    "thumbnailUrl": "https://via.placeholder.com/150/b0f7cc"
  },
  {
    "albumId": 1,
    "id": 8,
    "title": "aut porro officiis laborum odit ea laudantium corporis",
    "url": "https://via.placeholder.com/600/54176f",
    "thumbnailUrl": "https://via.placeholder.com/150/54176f"
  },
  {
    "albumId": 1,
    "id": 9,
    "title": "qui eius qui autem sed",
    "url": "https://via.placeholder.com/600/51aa97",
    "thumbnailUrl": "https://via.placeholder.com/150/51aa97"
  },
  {
    "albumId": 1,
    "id": 10,
    "title": "beatae et provident et ut vel",
    "url": "https://via.placeholder.com/600/810b14",
    "thumbnailUrl": "https://via.placeholder.com/150/810b14"
  },
  {
    "albumId": 1,
    "id": 11,
    "title": "nihil at amet non hic quia qui",
    "url": "https://via.placeholder.com/600/1ee8a4",
    "thumbnailUrl": "https://via.placeholder.com/150/1ee8a4"
  },
  {
    "albumId": 1,
    "id": 12,
    "title": "mollitia soluta ut rerum eos aliquam consequatur perspiciatis maiores",
    "url": "https://via.placeholder.com/600/66b7d2",
    "thumbnailUrl": "https://via.placeholder.com/150/66b7d2"
  },
  {
    "albumId": 1,
    "id": 13,
    "title": "repudiandae iusto deleniti rerum",
    "url": "https://via.placeholder.com/600/197d29",
    "thumbnailUrl": "https://via.placeholder.com/150/197d29"
  },
  {
    "albumId": 1,
    "id": 14,
    "title": "est necessitatibus architecto ut laborum",
    "url": "https://via.placeholder.com/600/61a65",
    "thumbnailUrl": "https://via.placeholder.com/150/61a65"
  },
  {
    "albumId": 1,
    "id": 15,
    "title": "harum dicta similique quis dolore earum ex qui",
    "url": "https://via.placeholder.com/600/f9cee5",
    "thumbnailUrl": "https://via.placeholder.com/150/f9cee5"
  },
  {
    "albumId": 1,
    "id": 16,
    "title": "iusto sunt nobis quasi veritatis quas expedita voluptatum deserunt",
    "url": "https://via.placeholder.com/600/fdf73e",
    "thumbnailUrl": "https://via.placeholder.com/150/fdf73e"
  },
  {
    "albumId": 1,
    "id": 17,
    "title": "natus doloribus necessitatibus ipsa",
    "url": "https://via.placeholder.com/600/9c184f",
    "thumbnailUrl": "https://via.placeholder.com/150/9c184f"
  },
  {
    "albumId": 1,
    "id": 18,
    "title": "laboriosam odit nam necessitatibus et illum dolores reiciendis",
    "url": "https://via.placeholder.com/600/1fe46f",
    "thumbnailUrl": "https://via.placeholder.com/150/1fe46f"
  },
  {
    "albumId": 1,
    "id": 19,
    "title": "perferendis nesciunt eveniet et optio a",
    "url": "https://via.placeholder.com/600/56acb2",
    "thumbnailUrl": "https://via.placeholder.com/150/56acb2"
  },
  {
    "albumId": 1,
    "id": 20,
    "title": "assumenda voluptatem laboriosam enim consequatur veniam placeat reiciendis error",
    "url": "https://via.placeholder.com/600/8985dc",
    "thumbnailUrl": "https://via.placeholder.com/150/8985dc"
  },
  {
    "albumId": 1,
    "id": 21,
    "title": "ad et natus qui",
    "url": "https://via.placeholder.com/600/5e12c6",
    "thumbnailUrl": "https://via.placeholder.com/150/5e12c6"
  },
  {
    "albumId": 1,
    "id": 22,
    "title": "et ea illo et sit voluptas animi blanditiis porro",
    "url": "https://via.placeholder.com/600/45601a",
    "thumbnailUrl": "https://via.placeholder.com/150/45601a"
  },
  {
    "albumId": 1,
    "id": 23,
    "title": "harum velit vero totam",
    "url": "https://via.placeholder.com/600/e924e6",
    "thumbnailUrl": "https://via.placeholder.com/150/e924e6"
  },
  {
    "albumId": 1,
    "id": 24,
    "title": "beatae officiis ut aut",
    "url": "https://via.placeholder.com/600/8f209a",
    "thumbnailUrl": "https://via.placeholder.com/150/8f209a"
  },
  {
    "albumId": 1,
    "id": 25,
    "title": "facere non quis fuga fugit vitae",
    "url": "https://via.placeholder.com/600/5e3a73",
    "thumbnailUrl": "https://via.placeholder.com/150/5e3a73"
  },
  {
    "albumId": 1,
    "id": 26,
    "title": "asperiores nobis voluptate qui",
    "url": "https://via.placeholder.com/600/474645",
    "thumbnailUrl": "https://via.placeholder.com/150/474645"
  },
  {
    "albumId": 1,
    "id": 27,
    "title": "sit asperiores est quos quis nisi veniam error",
    "url": "https://via.placeholder.com/600/c984bf",
    "thumbnailUrl": "https://via.placeholder.com/150/c984bf"
  },
  {
    "albumId": 1,
    "id": 28,
    "title": "non neque eligendi molestiae repudiandae illum voluptatem qui aut",
    "url": "https://via.placeholder.com/600/392537",
    "thumbnailUrl": "https://via.placeholder.com/150/392537"
  },
  {
    "albumId": 1,
    "id": 29,
    "title": "aut ipsam quos ab placeat omnis",
    "url": "https://via.placeholder.com/600/602b9e",
    "thumbnailUrl": "https://via.placeholder.com/150/602b9e"
  },
  {
    "albumId": 1,
    "id": 30,
    "title": "odio enim voluptatem quidem aut nihil illum",
    "url": "https://via.placeholder.com/600/372c93",
    "thumbnailUrl": "https://via.placeholder.com/150/372c93"
  },
  {
    "albumId": 1,
    "id": 31,
    "title": "voluptate voluptates sequi",
    "url": "https://via.placeholder.com/600/a7c272",
    "thumbnailUrl": "https://via.placeholder.com/150/a7c272"
  },
  {
    "albumId": 1,
    "id": 32,
    "title": "ad enim dignissimos voluptatem similique",
    "url": "https://via.placeholder.com/600/c70a4d",
    "thumbnailUrl": "https://via.placeholder.com/150/c70a4d"
  },
  {
    "albumId": 1,
    "id": 33,
    "title": "culpa ipsam nobis qui fuga magni et mollitia",
    "url": "https://via.placeholder.com/600/501fe1",
    "thumbnailUrl": "https://via.placeholder.com/150/501fe1"
  },
  {
    "albumId": 1,
    "id": 34,
    "title": "vitae est facere quia itaque adipisci perferendis id maiores",
    "url": "https://via.placeholder.com/600/35185e",
    "thumbnailUrl": "https://via.placeholder.com/150/35185e"
  },
  {
    "albumId": 1,
    "id": 35,
    "title": "tenetur minus voluptatum et",
    "url": "https://via.placeholder.com/600/c96cad",
    "thumbnailUrl": "https://via.placeholder.com/150/c96cad"
  },
  {
    "albumId": 1,
    "id": 36,
    "title": "expedita rerum eaque",
    "url": "https://via.placeholder.com/600/4d564d",
    "thumbnailUrl": "https://via.placeholder.com/150/4d564d"
  },
  {
    "albumId": 1,
    "id": 37,
    "title": "totam voluptas iusto deserunt dolores",
    "url": "https://via.placeholder.com/600/ea51da",
    "thumbnailUrl": "https://via.placeholder.com/150/ea51da"
  },
  {
    "albumId": 1,
    "id": 38,
    "title": "natus magnam iure rerum pariatur molestias dolore nisi",
    "url": "https://via.placeholder.com/600/4f5b8d",
    "thumbnailUrl": "https://via.placeholder.com/150/4f5b8d"
  },
  {
    "albumId": 1,
    "id": 39,
    "title": "molestiae nam ullam et rerum doloribus",
    "url": "https://via.placeholder.com/600/1e71a2",
    "thumbnailUrl": "https://via.placeholder.com/150/1e71a2"
  },
  {
    "albumId": 1,
    "id": 40,
    "title": "est quas voluptates dignissimos sint praesentium nisi recusandae",
    "url": "https://via.placeholder.com/600/3a0b95",
    "thumbnailUrl": "https://via.placeholder.com/150/3a0b95"
  },
  {
    "albumId": 1,
    "id": 41,
    "title": "in voluptatem doloremque cum atque architecto deleniti",
    "url": "https://via.placeholder.com/600/659403",
    "thumbnailUrl": "https://via.placeholder.com/150/659403"
  },
  {
    "albumId": 1,
    "id": 42,
    "title": "voluptatibus a autem molestias voluptas architecto culpa",
    "url": "https://via.placeholder.com/600/ca50ac",
    "thumbnailUrl": "https://via.placeholder.com/150/ca50ac"
  },
  {
    "albumId": 1,
    "id": 43,
    "title": "eius hic autem ad beatae voluptas",
    "url": "https://via.placeholder.com/600/6ad437",
    "thumbnailUrl": "https://via.placeholder.com/150/6ad437"
  },
  {
    "albumId": 1,
    "id": 44,
    "title": "neque eum provident et inventore sed ipsam dignissimos quo",
    "url": "https://via.placeholder.com/600/29fe9f",
    "thumbnailUrl": "https://via.placeholder.com/150/29fe9f"
  },
  {
    "albumId": 1,
    "id": 45,
    "title": "praesentium fugit quis aut voluptatum commodi dolore corrupti",
    "url": "https://via.placeholder.com/600/c4084a",
    "thumbnailUrl": "https://via.placeholder.com/150/c4084a"
  },
  {
    "albumId": 1,
    "id": 46,
    "title": "quidem maiores in quia fugit dolore explicabo occaecati",
    "url": "https://via.placeholder.com/600/e9b68",
    "thumbnailUrl": "https://via.placeholder.com/150/e9b68"
  },
  {
    "albumId": 1,
    "id": 47,
    "title": "et soluta est",
    "url": "https://via.placeholder.com/600/b4412f",
    "thumbnailUrl": "https://via.placeholder.com/150/b4412f"
  },
  {
    "albumId": 1,
    "id": 48,
    "title": "ut esse id",
    "url": "https://via.placeholder.com/600/68e0a8",
    "thumbnailUrl": "https://via.placeholder.com/150/68e0a8"
  },
  {
    "albumId": 1,
    "id": 49,
    "title": "quasi quae est modi quis quam in impedit",
    "url": "https://via.placeholder.com/600/2cd88b",
    "thumbnailUrl": "https://via.placeholder.com/150/2cd88b"
  },
  {
    "albumId": 1,
    "id": 50,
    "title": "et inventore quae ut tempore eius voluptatum",
    "url": "https://via.placeholder.com/600/9e59da",
    "thumbnailUrl": "https://via.placeholder.com/150/9e59da"
  }
]</msg>
<status status="PASS" starttime="20230602 07:08:30.307" endtime="20230602 07:08:30.307"/>
</kw>
<kw name="Create File" library="OperatingSystem">
<arg>${json_file}</arg>
<arg>${response}</arg>
<doc>Creates a file with the given content and encoding.</doc>
<msg timestamp="20230602 07:08:30.308" level="INFO" html="true">Created file '&lt;a href="file://C:\Users\ralph\Desktop\Teste Entrevista\TesteQA\anexos\file.json"&gt;C:\Users\ralph\Desktop\Teste Entrevista\TesteQA\anexos\file.json&lt;/a&gt;'.</msg>
<status status="PASS" starttime="20230602 07:08:30.307" endtime="20230602 07:08:30.308"/>
</kw>
<kw name="Load Json From File" library="JSONLibrary">
<var>${file}</var>
<arg>${EXECDIR}${/}anexos${/}file.json</arg>
<doc>Load JSON from file.</doc>
<msg timestamp="20230602 07:08:30.314" level="INFO">${file} = [{'albumId': 1, 'id': 1, 'title': 'accusamus beatae ad facilis cum similique qui sunt', 'url': 'https://via.placeholder.com/600/92c952', 'thumbnailUrl': 'https://via.placeholder.com/150/92c952'}, {'al...</msg>
<status status="PASS" starttime="20230602 07:08:30.308" endtime="20230602 07:08:30.314"/>
</kw>
<kw name="Log" library="BuiltIn">
<arg>${file}</arg>
<doc>Logs the given message with the given level.</doc>
<msg timestamp="20230602 07:08:30.314" level="INFO">[{'albumId': 1, 'id': 1, 'title': 'accusamus beatae ad facilis cum similique qui sunt', 'url': 'https://via.placeholder.com/600/92c952', 'thumbnailUrl': 'https://via.placeholder.com/150/92c952'}, {'albumId': 1, 'id': 2, 'title': 'reprehenderit est deserunt velit ipsam', 'url': 'https://via.placeholder.com/600/771796', 'thumbnailUrl': 'https://via.placeholder.com/150/771796'}, {'albumId': 1, 'id': 3, 'title': 'officia porro iure quia iusto qui ipsa ut modi', 'url': 'https://via.placeholder.com/600/24f355', 'thumbnailUrl': 'https://via.placeholder.com/150/24f355'}, {'albumId': 1, 'id': 4, 'title': 'culpa odio esse rerum omnis laboriosam voluptate repudiandae', 'url': 'https://via.placeholder.com/600/d32776', 'thumbnailUrl': 'https://via.placeholder.com/150/d32776'}, {'albumId': 1, 'id': 5, 'title': 'natus nisi omnis corporis facere molestiae rerum in', 'url': 'https://via.placeholder.com/600/f66b97', 'thumbnailUrl': 'https://via.placeholder.com/150/f66b97'}, {'albumId': 1, 'id': 6, 'title': 'accusamus ea aliquid et amet sequi nemo', 'url': 'https://via.placeholder.com/600/56a8c2', 'thumbnailUrl': 'https://via.placeholder.com/150/56a8c2'}, {'albumId': 1, 'id': 7, 'title': 'officia delectus consequatur vero aut veniam explicabo molestias', 'url': 'https://via.placeholder.com/600/b0f7cc', 'thumbnailUrl': 'https://via.placeholder.com/150/b0f7cc'}, {'albumId': 1, 'id': 8, 'title': 'aut porro officiis laborum odit ea laudantium corporis', 'url': 'https://via.placeholder.com/600/54176f', 'thumbnailUrl': 'https://via.placeholder.com/150/54176f'}, {'albumId': 1, 'id': 9, 'title': 'qui eius qui autem sed', 'url': 'https://via.placeholder.com/600/51aa97', 'thumbnailUrl': 'https://via.placeholder.com/150/51aa97'}, {'albumId': 1, 'id': 10, 'title': 'beatae et provident et ut vel', 'url': 'https://via.placeholder.com/600/810b14', 'thumbnailUrl': 'https://via.placeholder.com/150/810b14'}, {'albumId': 1, 'id': 11, 'title': 'nihil at amet non hic quia qui', 'url': 'https://via.placeholder.com/600/1ee8a4', 'thumbnailUrl': 'https://via.placeholder.com/150/1ee8a4'}, {'albumId': 1, 'id': 12, 'title': 'mollitia soluta ut rerum eos aliquam consequatur perspiciatis maiores', 'url': 'https://via.placeholder.com/600/66b7d2', 'thumbnailUrl': 'https://via.placeholder.com/150/66b7d2'}, {'albumId': 1, 'id': 13, 'title': 'repudiandae iusto deleniti rerum', 'url': 'https://via.placeholder.com/600/197d29', 'thumbnailUrl': 'https://via.placeholder.com/150/197d29'}, {'albumId': 1, 'id': 14, 'title': 'est necessitatibus architecto ut laborum', 'url': 'https://via.placeholder.com/600/61a65', 'thumbnailUrl': 'https://via.placeholder.com/150/61a65'}, {'albumId': 1, 'id': 15, 'title': 'harum dicta similique quis dolore earum ex qui', 'url': 'https://via.placeholder.com/600/f9cee5', 'thumbnailUrl': 'https://via.placeholder.com/150/f9cee5'}, {'albumId': 1, 'id': 16, 'title': 'iusto sunt nobis quasi veritatis quas expedita voluptatum deserunt', 'url': 'https://via.placeholder.com/600/fdf73e', 'thumbnailUrl': 'https://via.placeholder.com/150/fdf73e'}, {'albumId': 1, 'id': 17, 'title': 'natus doloribus necessitatibus ipsa', 'url': 'https://via.placeholder.com/600/9c184f', 'thumbnailUrl': 'https://via.placeholder.com/150/9c184f'}, {'albumId': 1, 'id': 18, 'title': 'laboriosam odit nam necessitatibus et illum dolores reiciendis', 'url': 'https://via.placeholder.com/600/1fe46f', 'thumbnailUrl': 'https://via.placeholder.com/150/1fe46f'}, {'albumId': 1, 'id': 19, 'title': 'perferendis nesciunt eveniet et optio a', 'url': 'https://via.placeholder.com/600/56acb2', 'thumbnailUrl': 'https://via.placeholder.com/150/56acb2'}, {'albumId': 1, 'id': 20, 'title': 'assumenda voluptatem laboriosam enim consequatur veniam placeat reiciendis error', 'url': 'https://via.placeholder.com/600/8985dc', 'thumbnailUrl': 'https://via.placeholder.com/150/8985dc'}, {'albumId': 1, 'id': 21, 'title': 'ad et natus qui', 'url': 'https://via.placeholder.com/600/5e12c6', 'thumbnailUrl': 'https://via.placeholder.com/150/5e12c6'}, {'albumId': 1, 'id': 22, 'title': 'et ea illo et sit voluptas animi blanditiis porro', 'url': 'https://via.placeholder.com/600/45601a', 'thumbnailUrl': 'https://via.placeholder.com/150/45601a'}, {'albumId': 1, 'id': 23, 'title': 'harum velit vero totam', 'url': 'https://via.placeholder.com/600/e924e6', 'thumbnailUrl': 'https://via.placeholder.com/150/e924e6'}, {'albumId': 1, 'id': 24, 'title': 'beatae officiis ut aut', 'url': 'https://via.placeholder.com/600/8f209a', 'thumbnailUrl': 'https://via.placeholder.com/150/8f209a'}, {'albumId': 1, 'id': 25, 'title': 'facere non quis fuga fugit vitae', 'url': 'https://via.placeholder.com/600/5e3a73', 'thumbnailUrl': 'https://via.placeholder.com/150/5e3a73'}, {'albumId': 1, 'id': 26, 'title': 'asperiores nobis voluptate qui', 'url': 'https://via.placeholder.com/600/474645', 'thumbnailUrl': 'https://via.placeholder.com/150/474645'}, {'albumId': 1, 'id': 27, 'title': 'sit asperiores est quos quis nisi veniam error', 'url': 'https://via.placeholder.com/600/c984bf', 'thumbnailUrl': 'https://via.placeholder.com/150/c984bf'}, {'albumId': 1, 'id': 28, 'title': 'non neque eligendi molestiae repudiandae illum voluptatem qui aut', 'url': 'https://via.placeholder.com/600/392537', 'thumbnailUrl': 'https://via.placeholder.com/150/392537'}, {'albumId': 1, 'id': 29, 'title': 'aut ipsam quos ab placeat omnis', 'url': 'https://via.placeholder.com/600/602b9e', 'thumbnailUrl': 'https://via.placeholder.com/150/602b9e'}, {'albumId': 1, 'id': 30, 'title': 'odio enim voluptatem quidem aut nihil illum', 'url': 'https://via.placeholder.com/600/372c93', 'thumbnailUrl': 'https://via.placeholder.com/150/372c93'}, {'albumId': 1, 'id': 31, 'title': 'voluptate voluptates sequi', 'url': 'https://via.placeholder.com/600/a7c272', 'thumbnailUrl': 'https://via.placeholder.com/150/a7c272'}, {'albumId': 1, 'id': 32, 'title': 'ad enim dignissimos voluptatem similique', 'url': 'https://via.placeholder.com/600/c70a4d', 'thumbnailUrl': 'https://via.placeholder.com/150/c70a4d'}, {'albumId': 1, 'id': 33, 'title': 'culpa ipsam nobis qui fuga magni et mollitia', 'url': 'https://via.placeholder.com/600/501fe1', 'thumbnailUrl': 'https://via.placeholder.com/150/501fe1'}, {'albumId': 1, 'id': 34, 'title': 'vitae est facere quia itaque adipisci perferendis id maiores', 'url': 'https://via.placeholder.com/600/35185e', 'thumbnailUrl': 'https://via.placeholder.com/150/35185e'}, {'albumId': 1, 'id': 35, 'title': 'tenetur minus voluptatum et', 'url': 'https://via.placeholder.com/600/c96cad', 'thumbnailUrl': 'https://via.placeholder.com/150/c96cad'}, {'albumId': 1, 'id': 36, 'title': 'expedita rerum eaque', 'url': 'https://via.placeholder.com/600/4d564d', 'thumbnailUrl': 'https://via.placeholder.com/150/4d564d'}, {'albumId': 1, 'id': 37, 'title': 'totam voluptas iusto deserunt dolores', 'url': 'https://via.placeholder.com/600/ea51da', 'thumbnailUrl': 'https://via.placeholder.com/150/ea51da'}, {'albumId': 1, 'id': 38, 'title': 'natus magnam iure rerum pariatur molestias dolore nisi', 'url': 'https://via.placeholder.com/600/4f5b8d', 'thumbnailUrl': 'https://via.placeholder.com/150/4f5b8d'}, {'albumId': 1, 'id': 39, 'title': 'molestiae nam ullam et rerum doloribus', 'url': 'https://via.placeholder.com/600/1e71a2', 'thumbnailUrl': 'https://via.placeholder.com/150/1e71a2'}, {'albumId': 1, 'id': 40, 'title': 'est quas voluptates dignissimos sint praesentium nisi recusandae', 'url': 'https://via.placeholder.com/600/3a0b95', 'thumbnailUrl': 'https://via.placeholder.com/150/3a0b95'}, {'albumId': 1, 'id': 41, 'title': 'in voluptatem doloremque cum atque architecto deleniti', 'url': 'https://via.placeholder.com/600/659403', 'thumbnailUrl': 'https://via.placeholder.com/150/659403'}, {'albumId': 1, 'id': 42, 'title': 'voluptatibus a autem molestias voluptas architecto culpa', 'url': 'https://via.placeholder.com/600/ca50ac', 'thumbnailUrl': 'https://via.placeholder.com/150/ca50ac'}, {'albumId': 1, 'id': 43, 'title': 'eius hic autem ad beatae voluptas', 'url': 'https://via.placeholder.com/600/6ad437', 'thumbnailUrl': 'https://via.placeholder.com/150/6ad437'}, {'albumId': 1, 'id': 44, 'title': 'neque eum provident et inventore sed ipsam dignissimos quo', 'url': 'https://via.placeholder.com/600/29fe9f', 'thumbnailUrl': 'https://via.placeholder.com/150/29fe9f'}, {'albumId': 1, 'id': 45, 'title': 'praesentium fugit quis aut voluptatum commodi dolore corrupti', 'url': 'https://via.placeholder.com/600/c4084a', 'thumbnailUrl': 'https://via.placeholder.com/150/c4084a'}, {'albumId': 1, 'id': 46, 'title': 'quidem maiores in quia fugit dolore explicabo occaecati', 'url': 'https://via.placeholder.com/600/e9b68', 'thumbnailUrl': 'https://via.placeholder.com/150/e9b68'}, {'albumId': 1, 'id': 47, 'title': 'et soluta est', 'url': 'https://via.placeholder.com/600/b4412f', 'thumbnailUrl': 'https://via.placeholder.com/150/b4412f'}, {'albumId': 1, 'id': 48, 'title': 'ut esse id', 'url': 'https://via.placeholder.com/600/68e0a8', 'thumbnailUrl': 'https://via.placeholder.com/150/68e0a8'}, {'albumId': 1, 'id': 49, 'title': 'quasi quae est modi quis quam in impedit', 'url': 'https://via.placeholder.com/600/2cd88b', 'thumbnailUrl': 'https://via.placeholder.com/150/2cd88b'}, {'albumId': 1, 'id': 50, 'title': 'et inventore quae ut tempore eius voluptatum', 'url': 'https://via.placeholder.com/600/9e59da', 'thumbnailUrl': 'https://via.placeholder.com/150/9e59da'}]</msg>
<status status="PASS" starttime="20230602 07:08:30.314" endtime="20230602 07:08:30.314"/>
</kw>
<kw name="Get Value From Json" library="JSONLibrary">
<var>${value}</var>
<arg>${file}</arg>
<arg>$[5]</arg>
<doc>Get Value From JSON using JSONPath</doc>
<msg timestamp="20230602 07:08:30.337" level="INFO">${value} = [{'albumId': 1, 'id': 6, 'title': 'accusamus ea aliquid et amet sequi nemo', 'url': 'https://via.placeholder.com/600/56a8c2', 'thumbnailUrl': 'https://via.placeholder.com/150/56a8c2'}]</msg>
<status status="PASS" starttime="20230602 07:08:30.314" endtime="20230602 07:08:30.337"/>
</kw>
<kw name="Log To Console" library="BuiltIn">
<arg>${value}</arg>
<doc>Logs the given message to the console.</doc>
<status status="PASS" starttime="20230602 07:08:30.337" endtime="20230602 07:08:30.338"/>
</kw>
<kw name="Get Value From Json" library="JSONLibrary">
<var>${id}</var>
<arg>${value}</arg>
<arg>$..id</arg>
<doc>Get Value From JSON using JSONPath</doc>
<msg timestamp="20230602 07:08:30.351" level="INFO">${id} = [6]</msg>
<status status="PASS" starttime="20230602 07:08:30.338" endtime="20230602 07:08:30.351"/>
</kw>
<kw name="Get From List" library="Collections">
<var>${id_value}</var>
<arg>${id}</arg>
<arg>0</arg>
<doc>Returns the value specified with an ``index`` from ``list``.</doc>
<msg timestamp="20230602 07:08:30.352" level="INFO">${id_value} = 6</msg>
<status status="PASS" starttime="20230602 07:08:30.352" endtime="20230602 07:08:30.352"/>
</kw>
<kw name="Should Be Equal As Integers" library="BuiltIn">
<arg>${id_value}</arg>
<arg>${id_json}</arg>
<doc>Fails if objects are unequal after converting them to integers.</doc>
<msg timestamp="20230602 07:08:30.352" level="INFO">Argument types are:
&lt;class 'int'&gt;
&lt;class 'str'&gt;</msg>
<status status="PASS" starttime="20230602 07:08:30.352" endtime="20230602 07:08:30.352"/>
</kw>
<kw name="Remove File" library="OperatingSystem">
<arg>${json_file}</arg>
<doc>Removes a file with the given path.</doc>
<msg timestamp="20230602 07:08:30.353" level="INFO" html="true">Removed file '&lt;a href="file://C:\Users\ralph\Desktop\Teste Entrevista\TesteQA\anexos\file.json"&gt;C:\Users\ralph\Desktop\Teste Entrevista\TesteQA\anexos\file.json&lt;/a&gt;'.</msg>
<status status="PASS" starttime="20230602 07:08:30.352" endtime="20230602 07:08:30.353"/>
</kw>
<status status="PASS" starttime="20230602 07:08:30.294" endtime="20230602 07:08:30.353"/>
</kw>
<tag>Link_photos</tag>
<status status="PASS" starttime="20230602 07:08:25.723" endtime="20230602 07:08:30.353"/>
</test>
<kw name="Fechar Navegador" library="base" type="TEARDOWN">
<kw name="Sleep" library="BuiltIn">
<arg>5</arg>
<doc>Pauses the test executed for the given time.</doc>
<msg timestamp="20230602 07:08:35.355" level="INFO">Slept 5 seconds</msg>
<status status="PASS" starttime="20230602 07:08:30.354" endtime="20230602 07:08:35.355"/>
</kw>
<kw name="Close Browser" library="SeleniumLibrary">
<doc>Closes the current browser.</doc>
<status status="PASS" starttime="20230602 07:08:35.355" endtime="20230602 07:08:35.813"/>
</kw>
<status status="PASS" starttime="20230602 07:08:30.354" endtime="20230602 07:08:35.813"/>
</kw>
<doc>Navegar
Para que consiga navegar pela página até o link desejado
Sendo um usuario
Quero localizar o elemento desejado</doc>
<status status="PASS" starttime="20230602 07:08:20.629" endtime="20230602 07:08:35.813"/>
</suite>
<statistics>
<total>
<stat pass="1" fail="0" skip="0">All Tests</stat>
</total>
<tag>
<stat pass="1" fail="0" skip="0">Link_photos</stat>
</tag>
<suite>
<stat pass="1" fail="0" skip="0" id="s1" name="navegacaoTypiCode">navegacaoTypiCode</stat>
</suite>
</statistics>
<errors>
</errors>
</robot>
